<?xml version="1.0" encoding="UTF-8"?>
<testng-results skipped="0" failed="0" ignored="0" total="1" passed="1">
  <reporter-output>
  </reporter-output>
  <suite name="Default suite" duration-ms="162360" started-at="2021-01-04T10:54:10Z" finished-at="2021-01-04T10:56:52Z">
    <groups>
    </groups>
    <test name="Default test" duration-ms="162360" started-at="2021-01-04T10:54:10Z" finished-at="2021-01-04T10:56:52Z">
      <class name="webdriver.Check_URL_Header_Corpweb">
        <test-method status="PASS" signature="beforeClass()[pri:0, instance:webdriver.Check_URL_Header_Corpweb@51081592]" name="beforeClass" is-config="true" duration-ms="4506" started-at="2021-01-04T10:54:10Z" finished-at="2021-01-04T10:54:14Z">
          <reporter-output>
          </reporter-output>
        </test-method> <!-- beforeClass -->
        <test-method status="PASS" signature="TC_08_mainmenu_Sản_Phẩm()[pri:0, instance:webdriver.Check_URL_Header_Corpweb@51081592]" name="TC_08_mainmenu_Sản_Phẩm" duration-ms="156365" started-at="2021-01-04T10:54:14Z" finished-at="2021-01-04T10:56:51Z">
          <reporter-output>
          </reporter-output>
        </test-method> <!-- TC_08_mainmenu_Sản_Phẩm -->
        <test-method status="PASS" signature="afterClass()[pri:0, instance:webdriver.Check_URL_Header_Corpweb@51081592]" name="afterClass" is-config="true" duration-ms="1470" started-at="2021-01-04T10:56:51Z" finished-at="2021-01-04T10:56:52Z">
          <reporter-output>
          </reporter-output>
        </test-method> <!-- afterClass -->
      </class> <!-- webdriver.Check_URL_Header_Corpweb -->
    </test> <!-- Default test -->
  </suite> <!-- Default suite -->
</testng-results>
