<?xml version="1.0" encoding="UTF-8"?>
<testng-results skipped="0" failed="0" ignored="0" total="7" passed="7">
  <reporter-output>
  </reporter-output>
  <suite name="Default suite" duration-ms="284415" started-at="2021-01-04T08:32:18Z" finished-at="2021-01-04T08:37:03Z">
    <groups>
    </groups>
    <test name="Default test" duration-ms="284415" started-at="2021-01-04T08:32:18Z" finished-at="2021-01-04T08:37:03Z">
      <class name="webdriver.Check_URL_Corpweb">
        <test-method status="PASS" signature="beforeClass()[pri:0, instance:webdriver.Check_URL_Corpweb@51081592]" name="beforeClass" is-config="true" duration-ms="4256" started-at="2021-01-04T08:32:18Z" finished-at="2021-01-04T08:32:22Z">
          <reporter-output>
          </reporter-output>
        </test-method> <!-- beforeClass -->
        <test-method status="PASS" signature="TC_02_mainmenu_Câu_chuyện_Vinamilk()[pri:0, instance:webdriver.Check_URL_Corpweb@51081592]" name="TC_02_mainmenu_Câu_chuyện_Vinamilk" duration-ms="33842" started-at="2021-01-04T08:32:22Z" finished-at="2021-01-04T08:32:56Z">
          <reporter-output>
          </reporter-output>
        </test-method> <!-- TC_02_mainmenu_Câu_chuyện_Vinamilk -->
        <test-method status="PASS" signature="TC_03_mainmenu_Phát_triển_bền_vững()[pri:0, instance:webdriver.Check_URL_Corpweb@51081592]" name="TC_03_mainmenu_Phát_triển_bền_vững" duration-ms="29711" started-at="2021-01-04T08:32:56Z" finished-at="2021-01-04T08:33:26Z">
          <reporter-output>
          </reporter-output>
        </test-method> <!-- TC_03_mainmenu_Phát_triển_bền_vững -->
        <test-method status="PASS" signature="TC_04_mainmenu_Cải_tiến_đổi_mới()[pri:0, instance:webdriver.Check_URL_Corpweb@51081592]" name="TC_04_mainmenu_Cải_tiến_đổi_mới" duration-ms="13399" started-at="2021-01-04T08:33:26Z" finished-at="2021-01-04T08:33:39Z">
          <reporter-output>
          </reporter-output>
        </test-method> <!-- TC_04_mainmenu_Cải_tiến_đổi_mới -->
        <test-method status="PASS" signature="TC_05_mainmenu_Vùng_nguyên_liệu()[pri:0, instance:webdriver.Check_URL_Corpweb@51081592]" name="TC_05_mainmenu_Vùng_nguyên_liệu" duration-ms="19428" started-at="2021-01-04T08:33:39Z" finished-at="2021-01-04T08:33:59Z">
          <reporter-output>
          </reporter-output>
        </test-method> <!-- TC_05_mainmenu_Vùng_nguyên_liệu -->
        <test-method status="PASS" signature="TC_06_mainmenu_Truyền_thông()[pri:0, instance:webdriver.Check_URL_Corpweb@51081592]" name="TC_06_mainmenu_Truyền_thông" duration-ms="17074" started-at="2021-01-04T08:33:59Z" finished-at="2021-01-04T08:34:16Z">
          <reporter-output>
          </reporter-output>
        </test-method> <!-- TC_06_mainmenu_Truyền_thông -->
        <test-method status="PASS" signature="TC_07_mainmenu_Search()[pri:0, instance:webdriver.Check_URL_Corpweb@51081592]" name="TC_07_mainmenu_Search" duration-ms="9078" started-at="2021-01-04T08:34:16Z" finished-at="2021-01-04T08:34:25Z">
          <reporter-output>
          </reporter-output>
        </test-method> <!-- TC_07_mainmenu_Search -->
        <test-method status="PASS" signature="TC_08_mainmenu_Sản_Phẩm()[pri:0, instance:webdriver.Check_URL_Corpweb@51081592]" name="TC_08_mainmenu_Sản_Phẩm" duration-ms="155777" started-at="2021-01-04T08:34:25Z" finished-at="2021-01-04T08:37:01Z">
          <reporter-output>
          </reporter-output>
        </test-method> <!-- TC_08_mainmenu_Sản_Phẩm -->
        <test-method status="PASS" signature="afterClass()[pri:0, instance:webdriver.Check_URL_Corpweb@51081592]" name="afterClass" is-config="true" duration-ms="1815" started-at="2021-01-04T08:37:01Z" finished-at="2021-01-04T08:37:03Z">
          <reporter-output>
          </reporter-output>
        </test-method> <!-- afterClass -->
      </class> <!-- webdriver.Check_URL_Corpweb -->
    </test> <!-- Default test -->
  </suite> <!-- Default suite -->
</testng-results>
